[html.vecurosoft.com/garix/demo/index.html]
[backblue.gif]
[fade.gif]
[index.html]
[html.vecurosoft.com/garix/demo/assets/img/favicons/apple-icon-57x57.png]
[html.vecurosoft.com/garix/demo/assets/img/favicons/apple-icon-60x60.png]
[html.vecurosoft.com/garix/demo/assets/img/favicons/apple-icon-72x72.png]
[html.vecurosoft.com/garix/demo/assets/img/favicons/apple-icon-76x76.png]
[html.vecurosoft.com/garix/demo/assets/img/favicons/apple-icon-114x114.png]
[html.vecurosoft.com/garix/demo/assets/img/favicons/apple-icon-120x120.png]
[html.vecurosoft.com/garix/demo/assets/img/favicons/apple-icon-144x144.png]
[html.vecurosoft.com/garix/demo/assets/img/favicons/apple-icon-152x152.png]
[html.vecurosoft.com/garix/demo/assets/img/favicons/apple-icon-180x180.png]
[html.vecurosoft.com/garix/demo/assets/img/favicons/android-icon-192x192.png]
[html.vecurosoft.com/garix/demo/assets/img/favicons/favicon-32x32.png]
[html.vecurosoft.com/garix/demo/assets/img/favicons/favicon-96x96.png]
[html.vecurosoft.com/garix/demo/assets/img/favicons/favicon-16x16.png]
[html.vecurosoft.com/garix/demo/assets/img/favicons/manifest.json]
[html.vecurosoft.com/garix/demo/assets/img/favicons/ms-icon-144x144.png]
[html.vecurosoft.com/garix/demo/assets/css/bootstrap.min.css]
[html.vecurosoft.com/garix/demo/assets/css/fontawesome.min.css]
[html.vecurosoft.com/garix/demo/assets/css/magnific-popup.min.css]
[html.vecurosoft.com/garix/demo/assets/css/slick.min.css]
[html.vecurosoft.com/garix/demo/assets/css/nice-select.min.css]
[html.vecurosoft.com/garix/demo/assets/css/jquery-ui.min.css]
[html.vecurosoft.com/garix/demo/assets/css/twentytwenty.css]
[html.vecurosoft.com/garix/demo/assets/css/style.css]
[html.vecurosoft.com/garix/demo/assets/img/logo.png]
[html.vecurosoft.com/garix/demo/index-2.html]
[html.vecurosoft.com/garix/demo/index-3.html]
[html.vecurosoft.com/garix/demo/about.html]
[html.vecurosoft.com/garix/demo/shop.html]
[html.vecurosoft.com/garix/demo/shop-sidebar.html]
[html.vecurosoft.com/garix/demo/shop-details.html]
[html.vecurosoft.com/garix/demo/cart.html]
[html.vecurosoft.com/garix/demo/checkout.html]
[html.vecurosoft.com/garix/demo/price.html]
[html.vecurosoft.com/garix/demo/appointment.html]
[html.vecurosoft.com/garix/demo/blog.html]
[html.vecurosoft.com/garix/demo/blog-sidebar.html]
[html.vecurosoft.com/garix/demo/blog-sidebar-2.html]
[html.vecurosoft.com/garix/demo/blog-details.html]
[html.vecurosoft.com/garix/demo/services.html]
[html.vecurosoft.com/garix/demo/service-details.html]
[html.vecurosoft.com/garix/demo/faq.html]
[html.vecurosoft.com/garix/demo/faq-2.html]
[html.vecurosoft.com/garix/demo/team.html]
[html.vecurosoft.com/garix/demo/team-details.html]
[html.vecurosoft.com/garix/demo/project.html]
[html.vecurosoft.com/garix/demo/project-details.html]
[html.vecurosoft.com/garix/demo/contact.html]
[html.vecurosoft.com/garix/demo/404.html]
[html.vecurosoft.com/garix/demo/assets/img/widget/gal-1-1.jpg]
[html.vecurosoft.com/garix/demo/assets/img/widget/gal-1-2.jpg]
[html.vecurosoft.com/garix/demo/assets/img/widget/gal-1-3.jpg]
[html.vecurosoft.com/garix/demo/assets/img/widget/gal-1-4.jpg]
[html.vecurosoft.com/garix/demo/assets/img/widget/gal-1-5.jpg]
[html.vecurosoft.com/garix/demo/assets/img/widget/gal-1-6.jpg]
[html.vecurosoft.com/garix/demo/assets/img/shop/product-1-1.jpg]
[html.vecurosoft.com/garix/demo/assets/img/shop/product-1-2.jpg]
[html.vecurosoft.com/garix/demo/comming-soon.html]
[html.vecurosoft.com/garix/demo/assets/img/hero/hero-1-1.jpg]
[html.vecurosoft.com/garix/demo/assets/img/hero/hero-1-2.jpg]
[html.vecurosoft.com/garix/demo/assets/img/hero/hero-1-3.jpg]
[html.vecurosoft.com/garix/demo/assets/img/bg/app-bg.jpg]
[html.vecurosoft.com/garix/demo/assets/img/about/about-img-1-1.jpg]
[html.vecurosoft.com/garix/demo/assets/img/bg/service-bg-1-1.jpg]
[html.vecurosoft.com/garix/demo/assets/img/service/service-1-1.jpg]
[html.vecurosoft.com/garix/demo/assets/img/service/service-1-2.jpg]
[html.vecurosoft.com/garix/demo/assets/img/service/service-1-3.jpg]
[html.vecurosoft.com/garix/demo/assets/img/service/service-1-4.jpg]
[html.vecurosoft.com/garix/demo/assets/img/service/service-1-5.jpg]
[html.vecurosoft.com/garix/demo/assets/img/service/service-1-6.jpg]
[html.vecurosoft.com/garix/demo/assets/img/bg/counter-bg.jpg]
[html.vecurosoft.com/garix/demo/assets/img/team/team-member-1-1.jpg]
[html.vecurosoft.com/garix/demo/assets/img/team/team-member-1-2.jpg]
[html.vecurosoft.com/garix/demo/assets/img/team/team-member-1-3.jpg]
[html.vecurosoft.com/garix/demo/assets/img/team/team-member-1-4.jpg]
[html.vecurosoft.com/garix/demo/assets/img/client/client-member-1.jpg]
[html.vecurosoft.com/garix/demo/assets/img/client/client-member-2.jpg]
[html.vecurosoft.com/garix/demo/assets/img/client/client-member-3.jpg]
[html.vecurosoft.com/garix/demo/assets/img/client/client-member-4.jpg]
[html.vecurosoft.com/garix/demo/assets/img/client/client-member-5.jpg]
[html.vecurosoft.com/garix/demo/assets/img/bg/project-bg.jpg]
[html.vecurosoft.com/garix/demo/assets/img/project/p-1-1.jpg]
[html.vecurosoft.com/garix/demo/assets/img/project/p-1-2.png]
[html.vecurosoft.com/garix/demo/assets/img/service/service-d-6.jpg]
[html.vecurosoft.com/garix/demo/assets/img/service/service-d-5.jpg]
[html.vecurosoft.com/garix/demo/assets/img/service/service-d-4.jpg]
[html.vecurosoft.com/garix/demo/assets/img/service/service-d-3.jpg]
[html.vecurosoft.com/garix/demo/assets/img/service/service-d-1.jpg]
[html.vecurosoft.com/garix/demo/assets/img/brand/p-1-1.png]
[html.vecurosoft.com/garix/demo/assets/img/brand/p-1-2.png]
[html.vecurosoft.com/garix/demo/assets/img/brand/p-1-3.png]
[html.vecurosoft.com/garix/demo/assets/img/brand/p-1-4.png]
[html.vecurosoft.com/garix/demo/assets/img/brand/p-1-5.png]
[html.vecurosoft.com/garix/demo/assets/img/brand/p-1-6.png]
[html.vecurosoft.com/garix/demo/assets/img/blog/blog-s-2-1.jpg]
[html.vecurosoft.com/garix/demo/assets/img/blog/blog-h-2-1.jpg]
[html.vecurosoft.com/garix/demo/assets/img/blog/blog-s-2-2.jpg]
[html.vecurosoft.com/garix/demo/assets/img/blog/blog-s-2-3.jpg]
[html.vecurosoft.com/garix/demo/assets/img/bg/newsletter-1-1.jpg]
[html.vecurosoft.com/garix/demo/assets/img/bg/footer-1-1.jpg]
[html.vecurosoft.com/garix/demo/assets/img/footer/insta1.jpg]
[html.vecurosoft.com/garix/demo/assets/img/footer/insta2.jpg]
[html.vecurosoft.com/garix/demo/assets/img/footer/insta3.jpg]
[html.vecurosoft.com/garix/demo/assets/img/footer/insta4.jpg]
[html.vecurosoft.com/garix/demo/assets/img/footer/insta5.jpg]
[html.vecurosoft.com/garix/demo/assets/img/footer/insta6.jpg]
[html.vecurosoft.com/garix/demo/assets/js/vendor/jquery-3.6.0.min.js]
[html.vecurosoft.com/garix/demo/assets/js/jquery-ui.min.js]
[html.vecurosoft.com/garix/demo/assets/js/slick.min.js]
[html.vecurosoft.com/garix/demo/assets/js/bootstrap.min.js]
[html.vecurosoft.com/garix/demo/assets/js/wow.min.js]
[html.vecurosoft.com/garix/demo/assets/js/jquery.magnific-popup.min.js]
[html.vecurosoft.com/garix/demo/assets/js/jquery.nice-select.min.js]
[html.vecurosoft.com/garix/demo/assets/js/imagesloaded.pkgd.min.js]
[html.vecurosoft.com/garix/demo/assets/js/isotope.pkgd.min.js]
[html.vecurosoft.com/garix/demo/assets/js/jquery.twentytwenty.js]
[html.vecurosoft.com/garix/demo/assets/js/jquery.event.move.js]
[html.vecurosoft.com/garix/demo/index.html]
[html.vecurosoft.com/garix/demo/assets/css/bootstrap.min.css]
[html.vecurosoft.com/garix/demo/assets/js/main.js]
[html.vecurosoft.com/garix/demo/assets/fonts/fa-brands-400.eot]
[html.vecurosoft.com/garix/demo/assets/fonts/fa-brands-400d41d.eot]
[html.vecurosoft.com/garix/demo/assets/fonts/fa-brands-400.woff2]
[html.vecurosoft.com/garix/demo/assets/fonts/fa-brands-400.woff]
[html.vecurosoft.com/garix/demo/assets/fonts/fa-brands-400.ttf]
[html.vecurosoft.com/garix/demo/assets/fonts/fa-duotone-900.eot]
[html.vecurosoft.com/garix/demo/assets/fonts/fa-duotone-900d41d.eot]
[html.vecurosoft.com/garix/demo/assets/fonts/fa-duotone-900.woff2]
[html.vecurosoft.com/garix/demo/assets/fonts/fa-duotone-900.woff]
[html.vecurosoft.com/garix/demo/assets/fonts/fa-duotone-900.ttf]
[html.vecurosoft.com/garix/demo/assets/fonts/fa-light-300.eot]
[html.vecurosoft.com/garix/demo/assets/fonts/fa-light-300d41d.eot]
[html.vecurosoft.com/garix/demo/assets/fonts/fa-light-300.woff2]
[html.vecurosoft.com/garix/demo/assets/fonts/fa-light-300.woff]
[html.vecurosoft.com/garix/demo/assets/fonts/fa-light-300.ttf]
[html.vecurosoft.com/garix/demo/assets/fonts/fa-regular-400.eot]
[html.vecurosoft.com/garix/demo/assets/fonts/fa-regular-400d41d.eot]
[html.vecurosoft.com/garix/demo/assets/fonts/fa-regular-400.woff2]
[html.vecurosoft.com/garix/demo/assets/fonts/fa-regular-400.woff]
[html.vecurosoft.com/garix/demo/assets/fonts/fa-regular-400.ttf]
[html.vecurosoft.com/garix/demo/assets/fonts/fa-solid-900.eot]
[html.vecurosoft.com/garix/demo/assets/fonts/fa-solid-900d41d.eot]
[html.vecurosoft.com/garix/demo/assets/fonts/fa-solid-900.woff2]
[html.vecurosoft.com/garix/demo/assets/fonts/fa-solid-900.woff]
[html.vecurosoft.com/garix/demo/assets/fonts/fa-solid-900.ttf]
[html.vecurosoft.com/garix/demo/assets/css/fontawesome.min.css]
[html.vecurosoft.com/garix/demo/assets/css/magnific-popup.min.css]
[html.vecurosoft.com/garix/demo/assets/css/slick.min.css]
[html.vecurosoft.com/garix/demo/assets/css/nice-select.min.css]
[html.vecurosoft.com/garix/demo/assets/css/jquery-ui.min.css]
[html.vecurosoft.com/garix/demo/assets/css/twentytwenty.css]
[html.vecurosoft.com/garix/demo/assets/css/style.css]
[html.vecurosoft.com/garix/demo/assets/img/white-logo.svg]
[html.vecurosoft.com/garix/demo/assets/img/hero/hero-2-1.jpg]
[html.vecurosoft.com/garix/demo/assets/img/hero/hero-2-2.jpg]
[html.vecurosoft.com/garix/demo/assets/img/hero/hero-2-3.jpg]
[html.vecurosoft.com/garix/demo/assets/img/bg/about-1-1.png]
[html.vecurosoft.com/garix/demo/assets/img/about/about-img-2-1.jpg]
[html.vecurosoft.com/garix/demo/assets/img/about/about-img-2-2.jpg]
[html.vecurosoft.com/garix/demo/assets/img/bg/process-2-1.jpg]
[html.vecurosoft.com/garix/demo/assets/img/team/team-member-2-1.jpg]
[html.vecurosoft.com/garix/demo/assets/img/team/team-member-2-2.jpg]
[html.vecurosoft.com/garix/demo/assets/img/team/team-member-2-3.jpg]
[html.vecurosoft.com/garix/demo/assets/img/team/team-member-2-4.jpg]
[html.vecurosoft.com/garix/demo/assets/img/bg/client-1-1.png]
[html.vecurosoft.com/garix/demo/index-2.html]
[html.vecurosoft.com/garix/demo/assets/img/hero/hero-3-1.jpg]
[html.vecurosoft.com/garix/demo/assets/img/hero/hero-3-2.jpg]
[html.vecurosoft.com/garix/demo/assets/img/hero/hero-3-3.jpg]
[html.vecurosoft.com/garix/demo/assets/img/bg/service-bg-3-1.png]
[html.vecurosoft.com/garix/demo/assets/img/about/about-img-3-1.jpg]
[html.vecurosoft.com/garix/demo/assets/img/about/about-img-3-2.jpg]
[html.vecurosoft.com/garix/demo/assets/img/about/about-img-3-3.jpg]
[html.vecurosoft.com/garix/demo/assets/img/team/team-member-3-1.jpg]
[html.vecurosoft.com/garix/demo/assets/img/team/team-member-3-2.jpg]
[html.vecurosoft.com/garix/demo/assets/img/team/team-member-3-3.jpg]
[html.vecurosoft.com/garix/demo/assets/img/team/team-member-3-4.jpg]
[html.vecurosoft.com/garix/demo/assets/img/bg/client-3-1.png]
[html.vecurosoft.com/garix/demo/assets/img/client/client-member-3-1.jpg]
[html.vecurosoft.com/garix/demo/assets/img/client/client-member-3-2.jpg]
[html.vecurosoft.com/garix/demo/assets/img/client/client-member-3-3.jpg]
[html.vecurosoft.com/garix/demo/assets/img/client/client-member-3-4.jpg]
[html.vecurosoft.com/garix/demo/assets/img/bg/work-bg.png]
[html.vecurosoft.com/garix/demo/assets/img/blog/blog-h-1-1.jpg]
[html.vecurosoft.com/garix/demo/assets/img/blog/blog-h-1-2.jpg]
[html.vecurosoft.com/garix/demo/assets/img/blog/blog-h-1-3.jpg]
[html.vecurosoft.com/garix/demo/assets/img/blog/blog-h-1-4.jpg]
[html.vecurosoft.com/garix/demo/assets/img/bg/brand-bg.jpg]
[html.vecurosoft.com/garix/demo/index-3.html]
[html.vecurosoft.com/garix/demo/assets/img/bg/breadcumb-bg.png]
[html.vecurosoft.com/garix/demo/assets/img/bg/about-bg.png]
[html.vecurosoft.com/garix/demo/about.html]
[html.vecurosoft.com/garix/demo/assets/img/shop/product-1-3.jpg]
[html.vecurosoft.com/garix/demo/assets/img/shop/product-1-4.jpg]
[html.vecurosoft.com/garix/demo/assets/img/shop/product-1-5.jpg]
[html.vecurosoft.com/garix/demo/assets/img/shop/product-1-6.jpg]
[html.vecurosoft.com/garix/demo/assets/img/shop/product-1-7.jpg]
[html.vecurosoft.com/garix/demo/assets/img/shop/product-1-8.jpg]
[html.vecurosoft.com/garix/demo/shop.html]
[html.vecurosoft.com/garix/demo/assets/img/blog/recent-post-1-1.jpg]
[html.vecurosoft.com/garix/demo/assets/img/blog/recent-post-1-2.jpg]
[html.vecurosoft.com/garix/demo/assets/img/blog/recent-post-1-3.jpg]
[html.vecurosoft.com/garix/demo/assets/img/product/p-1-1.png]
[html.vecurosoft.com/garix/demo/assets/img/product/p-1-2.png]
[html.vecurosoft.com/garix/demo/assets/img/product/p-1-3.png]
[html.vecurosoft.com/garix/demo/shop-sidebar.html]
[html.vecurosoft.com/garix/demo/assets/img/shop/r-1-1.jpg]
[html.vecurosoft.com/garix/demo/assets/img/shop/r-1-2.jpg]
[html.vecurosoft.com/garix/demo/shop-details.html]
[html.vecurosoft.com/garix/demo/cart.html]
[html.vecurosoft.com/garix/demo/assets/img/others/credit-payment.png]
[html.vecurosoft.com/garix/demo/checkout.html]
[html.vecurosoft.com/garix/demo/account.html]
[html.vecurosoft.com/garix/demo/price.html]
[html.vecurosoft.com/garix/demo/appointment.html]
[html.vecurosoft.com/garix/demo/assets/img/blog/blog-h-1-5.jpg]
[html.vecurosoft.com/garix/demo/assets/img/blog/blog-h-1-6.jpg]
[html.vecurosoft.com/garix/demo/assets/img/blog/blog-h-1-7.jpg]
[html.vecurosoft.com/garix/demo/assets/img/blog/blog-h-1-8.jpg]
[html.vecurosoft.com/garix/demo/assets/img/blog/blog-h-1-9.jpg]
[html.vecurosoft.com/garix/demo/blog.html]
[html.vecurosoft.com/garix/demo/blog-sidebar.html]
[html.vecurosoft.com/garix/demo/blog-sidebar-2.html]
[html.vecurosoft.com/garix/demo/assets/img/blog/blog-d-1.jpg]
[html.vecurosoft.com/garix/demo/assets/img/blog/blog-d-2.jpg]
[html.vecurosoft.com/garix/demo/assets/img/blog/blog-d-3.jpg]
[html.vecurosoft.com/garix/demo/assets/img/blog/page-1-1.jpg]
[html.vecurosoft.com/garix/demo/assets/img/blog/page-1-2.jpg]
[html.vecurosoft.com/garix/demo/assets/img/blog/comment-author-1.jpg]
[html.vecurosoft.com/garix/demo/assets/img/blog/comment-author-2.jpg]
[html.vecurosoft.com/garix/demo/assets/img/blog/comment-author-3.jpg]
[html.vecurosoft.com/garix/demo/blog-details.html]
[html.vecurosoft.com/garix/demo/services.html]
[html.vecurosoft.com/garix/demo/assets/img/service/service-d-2.jpg]
[html.vecurosoft.com/garix/demo/assets/img/faq/faq-bg.jpg]
[html.vecurosoft.com/garix/demo/assets/img/white-logo-3.png]
[html.vecurosoft.com/garix/demo/service-details.html]
[html.vecurosoft.com/garix/demo/faq.html]
[html.vecurosoft.com/garix/demo/faq-2.html]
[html.vecurosoft.com/garix/demo/team.html]
[html.vecurosoft.com/garix/demo/assets/img/team/team-details-d-1.jpg]
[html.vecurosoft.com/garix/demo/team-details.html]
[html.vecurosoft.com/garix/demo/testimonials.html]
[html.vecurosoft.com/garix/demo/assets/img/project/p-p-1.jpg]
[html.vecurosoft.com/garix/demo/assets/img/project/p-p-2.jpg]
[html.vecurosoft.com/garix/demo/assets/img/project/p-p-3.jpg]
[html.vecurosoft.com/garix/demo/assets/img/project/p-p-4.jpg]
[html.vecurosoft.com/garix/demo/assets/img/project/p-p-5.jpg]
[html.vecurosoft.com/garix/demo/assets/img/project/p-p-6.jpg]
[html.vecurosoft.com/garix/demo/assets/img/project/p-p-7.jpg]
[html.vecurosoft.com/garix/demo/assets/img/project/p-p-8.jpg]
[html.vecurosoft.com/garix/demo/assets/img/project/p-p-9.jpg]
[html.vecurosoft.com/garix/demo/project.html]
[html.vecurosoft.com/garix/demo/assets/img/project/p-d-1.jpg]
[html.vecurosoft.com/garix/demo/assets/img/project/p-d-2.jpg]
[html.vecurosoft.com/garix/demo/assets/img/project/p-d-3.jpg]
[html.vecurosoft.com/garix/demo/assets/img/project/p-d-4.jpg]
[html.vecurosoft.com/garix/demo/project-details.html]
[html.vecurosoft.com/garix/demo/contact.html]
[html.vecurosoft.com/garix/demo/assets/img/404/404.png]
[html.vecurosoft.com/garix/demo/404.html]
[html.vecurosoft.com/garix/demo/assets/img/logo.svg]
[html.vecurosoft.com/garix/demo/assets/img/bg/c-bg.jpg]
[html.vecurosoft.com/garix/demo/comming-soon.html]
[html.vecurosoft.com/garix/demo/assets/img/bg/process-bg.svg]
[html.vecurosoft.com/garix/demo/assets/img/icons/feature-1-1.svg]
[html.vecurosoft.com/garix/demo/assets/img/icons/feature-1-2.svg]
[html.vecurosoft.com/garix/demo/assets/img/shapes/shape-1.svg]
[html.vecurosoft.com/garix/demo/assets/img/icons/icon-2-1.svg]
[html.vecurosoft.com/garix/demo/assets/img/icons/icon-2-2.svg]
[html.vecurosoft.com/garix/demo/assets/img/icons/icon-2-3.svg]
[html.vecurosoft.com/garix/demo/assets/img/icons/icon-2-4.svg]
[html.vecurosoft.com/garix/demo/assets/img/icons/icon-2-5.svg]
[html.vecurosoft.com/garix/demo/assets/img/icons/icon-2-6.svg]
[html.vecurosoft.com/garix/demo/assets/img/icons/counter-icon-1.svg]
[html.vecurosoft.com/garix/demo/assets/img/icons/counter-icon-2.svg]
[html.vecurosoft.com/garix/demo/assets/img/icons/counter-icon-3.svg]
[html.vecurosoft.com/garix/demo/assets/img/bg/process-bg-1.svg]
[html.vecurosoft.com/garix/demo/assets/img/icons/process-icon-2-1.svg]
[html.vecurosoft.com/garix/demo/assets/img/icons/process-icon-2-2.svg]
[html.vecurosoft.com/garix/demo/assets/img/icons/process-icon-2-3.svg]
[html.vecurosoft.com/garix/demo/assets/img/icons/process-icon-2-4.svg]
[html.vecurosoft.com/garix/demo/assets/img/shapes/faq-bg.svg]
[html.vecurosoft.com/garix/demo/assets/img/icons/p-1-1.svg]
[html.vecurosoft.com/garix/demo/assets/img/icons/p-1-2.svg]
[html.vecurosoft.com/garix/demo/assets/img/icons/p-1-3.svg]
[html.vecurosoft.com/garix/demo/assets/img/icons/p-1-4.svg]
[html.vecurosoft.com/garix/demo/assets/img/icons/p-1-5.svg]
[html.vecurosoft.com/garix/demo/assets/img/icons/p-1-6.svg]
[html.vecurosoft.com/garix/demo/destinations.html]
[html.vecurosoft.com/garix/demo/tours.html]
[html.vecurosoft.com/garix/demo/assets/fonts/fa-brands-400.svg]
[html.vecurosoft.com/garix/demo/assets/fonts/fa-duotone-900.svg]
[html.vecurosoft.com/garix/demo/assets/fonts/fa-light-300.svg]
[html.vecurosoft.com/garix/demo/assets/fonts/fa-regular-400.svg]
[html.vecurosoft.com/garix/demo/assets/fonts/fa-solid-900.svg]
[html.vecurosoft.com/garix/demo/assets/css/images/ui-icons_444444_256x240.html]
[html.vecurosoft.com/garix/demo/assets/css/images/ui-icons_555555_256x240.html]
[html.vecurosoft.com/garix/demo/assets/css/images/ui-icons_ffffff_256x240.html]
[html.vecurosoft.com/garix/demo/assets/css/images/ui-icons_777620_256x240.html]
[html.vecurosoft.com/garix/demo/assets/css/images/ui-icons_cc0000_256x240.html]
[html.vecurosoft.com/garix/demo/assets/css/images/ui-icons_777777_256x240.html]
[html.vecurosoft.com/garix/demo/themeforest.html]
[html.vecurosoft.com/garix/demo/assets/img/white-logo-2.svg]
[html.vecurosoft.com/garix/demo/assets/img/shapes/shape-2.svg]
[html.vecurosoft.com/garix/demo/assets/img/shapes/shape-3.svg]
[html.vecurosoft.com/garix/demo/assets/img/shapes/shape-4.svg]
[html.vecurosoft.com/garix/demo/assets/img/logo-3.svg]
[html.vecurosoft.com/garix/demo/assets/img/icons/work-3-1.svg]
[html.vecurosoft.com/garix/demo/assets/img/icons/work-3-2.svg]
[html.vecurosoft.com/garix/demo/assets/img/icons/work-3-3.svg]
[html.vecurosoft.com/garix/demo/assets/img/icons/work-3-4.svg]
[html.vecurosoft.com/garix/demo/assets/img/icons/counter-icon-a-1.svg]
[html.vecurosoft.com/garix/demo/assets/img/icons/counter-icon-a-2.svg]
[html.vecurosoft.com/garix/demo/assets/img/icons/counter-icon-a-3.svg]
[html.vecurosoft.com/garix/demo/assets/img/icons/counter-icon-a-4.svg]
[html.vecurosoft.com/garix/demo/assets/img/shapes/shape-5.svg]
[html.vecurosoft.com/garix/demo/assets/img/shapes/shape-6.svg]
[html.vecurosoft.com/garix/demo/assets/img/icons/service-d-1.svg]
[html.vecurosoft.com/garix/demo/assets/img/icons/service-d-2.svg]
[html.vecurosoft.com/garix/demo/assets/img/icons/service-d-3.svg]
[html.vecurosoft.com/garix/demo/assets/img/icons/service-d-4.svg]
